<?xml version="1.0" encoding="utf-8"?><testsuites><testsuite name="pytest" errors="0" failures="0" skipped="0" tests="4" time="0.043" timestamp="2023-02-18T04:53:58.583984" hostname="MasarunoAir"><testcase classname="tests.coursera_specializations_data_structures_and_algorithms.algorithmic_toolbox.test_maximum_pairwise_product" name="test_maximum_pairwise_product" time="0.000" /><testcase classname="tests.coursera_specializations_data_structures_and_algorithms.algorithmic_toolbox.test_sum_of_two_digits" name="test_sum" time="0.000" /><testcase classname="tests.coursera_specializations_data_structures_and_algorithms.algorithmic_toolbox.test_sum_of_two_digits" name="test_sum_result_4" time="0.000" /><testcase classname="tests.coursera_specializations_data_structures_and_algorithms.algorithmic_toolbox.test_sum_of_two_digits" name="test_sum_result_6" time="0.000" /></testsuite></testsuites>