============================= test session starts ==============================
platform darwin -- Python 3.10.8, pytest-7.2.1, pluggy-1.0.0
rootdir: /Users/masarufukazawa/Dropbox/Works/repository/study/coursera/coursera-specializations-data-structures-and-algorithms
plugins: cov-4.0.0
collected 4 items

tests/coursera_specializations_data_structures_and_algorithms/algorithmic_toolbox/test_maximum_pairwise_product.py . [ 25%]
                                                                         [ 25%]
tests/coursera_specializations_data_structures_and_algorithms/algorithmic_toolbox/test_sum_of_two_digits.py . [ 50%]
..                                                                       [100%]

- generated xml file: /Users/masarufukazawa/Dropbox/Works/repository/study/coursera/coursera-specializations-data-structures-and-algorithms/pytest.xml -

---------- coverage: platform darwin, python 3.10.8-final-0 ----------
Name                                                                                                      Stmts   Miss Branch BrPart  Cover   Missing
-----------------------------------------------------------------------------------------------------------------------------------------------------
coursera_specializations_data_structures_and_algorithms/algorithmic_toolbox/maximum_pairwise_product.py      11      5      2      1    54%   13-19, 23
coursera_specializations_data_structures_and_algorithms/algorithmic_toolbox/sum_of_two_digits.py              8      4      2      1    50%   13-17, 21
-----------------------------------------------------------------------------------------------------------------------------------------------------
TOTAL                                                                                                        19      9      4      2    52%

============================== 4 passed in 0.04s ===============================
